\BOOKMARK [0][-]{chapter*.2}{Lijst van figuren}{}% 1
\BOOKMARK [0][-]{chapter*.3}{Lijst van tabellen}{}% 2
\BOOKMARK [0][-]{chapter*.4}{Gebruikte afkortingen}{}% 3
\BOOKMARK [0][-]{chapter.1}{Inleiding}{}% 4
\BOOKMARK [1][-]{section.1.1}{Situering}{chapter.1}% 5
\BOOKMARK [2][-]{subsection.1.1.1}{Situering van autonomie bij quadcopters}{section.1.1}% 6
\BOOKMARK [2][-]{subsection.1.1.2}{Omgevingsmapping}{section.1.1}% 7
\BOOKMARK [1][-]{section.1.2}{Probleemstelling}{chapter.1}% 8
\BOOKMARK [1][-]{section.1.3}{Aanpak}{chapter.1}% 9
\BOOKMARK [0][-]{chapter.2}{Quadcopter platform}{}% 10
\BOOKMARK [1][-]{section.2.1}{Terminologie}{chapter.2}% 11
\BOOKMARK [1][-]{section.2.2}{Hardware}{chapter.2}% 12
\BOOKMARK [2][-]{subsection.2.2.1}{Quadcopterbasis}{section.2.2}% 13
\BOOKMARK [2][-]{subsection.2.2.2}{Quadcoptersturing}{section.2.2}% 14
\BOOKMARK [1][-]{section.2.3}{Software}{chapter.2}% 15
\BOOKMARK [2][-]{subsection.2.3.1}{Ardupilot Mega}{section.2.3}% 16
\BOOKMARK [2][-]{subsection.2.3.2}{Raspberry Pi}{section.2.3}% 17
\BOOKMARK [2][-]{subsection.2.3.3}{Optical flow}{section.2.3}% 18
\BOOKMARK [1][-]{section.2.4}{Evaluatie van het platform}{chapter.2}% 19
\BOOKMARK [0][-]{chapter.3}{Optimalisatie sturing}{}% 20
\BOOKMARK [1][-]{section.3.1}{Beperkte rekenkracht van Raspberry Pi omzeilen}{chapter.3}% 21
\BOOKMARK [2][-]{subsection.3.1.1}{Optical flow op PC}{section.3.1}% 22
\BOOKMARK [2][-]{subsection.3.1.2}{Compressie}{section.3.1}% 23
\BOOKMARK [2][-]{subsection.3.1.3}{Resultaat}{section.3.1}% 24
\BOOKMARK [1][-]{section.3.2}{Optical Flow}{chapter.3}% 25
\BOOKMARK [2][-]{subsection.3.2.1}{FAST detector}{section.3.2}% 26
\BOOKMARK [2][-]{subsection.3.2.2}{GFTT detector}{section.3.2}% 27
\BOOKMARK [2][-]{subsection.3.2.3}{Resultaat}{section.3.2}% 28
\BOOKMARK [1][-]{section.3.3}{Hoogte regeling}{chapter.3}% 29
\BOOKMARK [2][-]{subsection.3.3.1}{Auto-takeoff}{section.3.3}% 30
\BOOKMARK [2][-]{subsection.3.3.2}{Auto-land}{section.3.3}% 31
\BOOKMARK [2][-]{subsection.3.3.3}{Functiegenerator}{section.3.3}% 32
\BOOKMARK [2][-]{subsection.3.3.4}{Optimalisatie PID parameters}{section.3.3}% 33
\BOOKMARK [2][-]{subsection.3.3.5}{Resultaat}{section.3.3}% 34
\BOOKMARK [1][-]{section.3.4}{Driftcompensatie}{chapter.3}% 35
\BOOKMARK [2][-]{subsection.3.4.1}{Drift detecteren}{section.3.4}% 36
\BOOKMARK [2][-]{subsection.3.4.2}{Drift compenseren}{section.3.4}% 37
\BOOKMARK [2][-]{subsection.3.4.3}{Resultaten}{section.3.4}% 38
\BOOKMARK [1][-]{section.3.5}{APM logica}{chapter.3}% 39
\BOOKMARK [1][-]{section.3.6}{Besluit}{chapter.3}% 40
\BOOKMARK [0][-]{chapter.4}{SLAM}{}% 41
\BOOKMARK [1][-]{section.4.1}{Laserscanner}{chapter.4}% 42
\BOOKMARK [1][-]{section.4.2}{Twee paradigmas}{chapter.4}% 43
\BOOKMARK [2][-]{subsection.4.2.1}{Extended Kalman Filters}{section.4.2}% 44
\BOOKMARK [2][-]{subsection.4.2.2}{Particle Filters}{section.4.2}% 45
\BOOKMARK [2][-]{subsection.4.2.3}{Besluit}{section.4.2}% 46
\BOOKMARK [1][-]{section.4.3}{BreezySLAM}{chapter.4}% 47
\BOOKMARK [0][-]{chapter.5}{Integratie SLAM in het platform}{}% 48
\BOOKMARK [1][-]{section.5.1}{Aanpassingen architectuur}{chapter.5}% 49
\BOOKMARK [2][-]{subsection.5.1.1}{Aanpassingen hardware}{section.5.1}% 50
\BOOKMARK [2][-]{subsection.5.1.2}{Aanpassingen software}{section.5.1}% 51
\BOOKMARK [1][-]{section.5.2}{SLAM zonder odometrie}{chapter.5}% 52
\BOOKMARK [1][-]{section.5.3}{SLAM met odometrie}{chapter.5}% 53
\BOOKMARK [2][-]{subsection.5.3.1}{Aanpassingen softwarearchitectuur}{section.5.3}% 54
\BOOKMARK [2][-]{subsection.5.3.2}{Resultaat}{section.5.3}% 55
\BOOKMARK [1][-]{section.5.4}{Besluit}{chapter.5}% 56
\BOOKMARK [0][-]{chapter.6}{Conclusie}{}% 57
\BOOKMARK [1][-]{section.6.1}{Optimalisatie}{chapter.6}% 58
\BOOKMARK [1][-]{section.6.2}{Omgevingsmapping}{chapter.6}% 59
\BOOKMARK [1][-]{section.6.3}{Toekomstig werk}{chapter.6}% 60
\BOOKMARK [0][-]{chapter*.21}{Bibliografie}{}% 61
